Flutter crash report.
Please report a bug at https://github.com/flutter/flutter/issues.

## command

flutter build apk --debug

## exception

ProcessException: ProcessException: Process exited abnormally with exit code 1:

Welcome to Gradle 8.0!

For more details see https://docs.gradle.org/8.0/release-notes.html



FAILURE: Build failed with an exception.

* What went wrong:
Cannot locate tasks that match 'app:tasks' as project 'app' not found in root project 'android'.

* Try:
> Run gradlew projects to get a list of available projects.
> Run with --stacktrace option to get the stack trace.
> Run with --info or --debug option to get more log output.
> Run with --scan to get full insights.

* Get more help at https://help.gradle.org

BUILD FAILED in 385ms
  Command: /Users/nickmaukan/.openclaw/workspace/stream_cast_app/android/gradlew app:tasks --all --console=auto

```
#0      RunResult.throwException (package:flutter_tools/src/base/process.dart:122:5)
#1      _DefaultProcessUtils.run (package:flutter_tools/src/base/process.dart:370:19)
<asynchronous suspension>
#2      flavorUndefinedHandler.<anonymous closure> (package:flutter_tools/src/android/gradle_errors.dart:269:38)
<asynchronous suspension>
#3      AndroidGradleBuilder.buildGradleApp (package:flutter_tools/src/android/gradle.dart:505:40)
<asynchronous suspension>
#4      AndroidGradleBuilder.buildApk (package:flutter_tools/src/android/gradle.dart:224:5)
<asynchronous suspension>
#5      BuildApkCommand.runCommand (package:flutter_tools/src/commands/build_apk.dart:141:5)
<asynchronous suspension>
#6      FlutterCommand.run.<anonymous closure> (package:flutter_tools/src/runner/flutter_command.dart:1408:27)
<asynchronous suspension>
#7      AppContext.run.<anonymous closure> (package:flutter_tools/src/base/context.dart:153:19)
<asynchronous suspension>
#8      CommandRunner.runCommand (package:args/command_runner.dart:212:13)
<asynchronous suspension>
#9      FlutterCommandRunner.runCommand.<anonymous closure> (package:flutter_tools/src/runner/flutter_command_runner.dart:420:9)
<asynchronous suspension>
#10     AppContext.run.<anonymous closure> (package:flutter_tools/src/base/context.dart:153:19)
<asynchronous suspension>
#11     FlutterCommandRunner.runCommand (package:flutter_tools/src/runner/flutter_command_runner.dart:364:5)
<asynchronous suspension>
#12     run.<anonymous closure>.<anonymous closure> (package:flutter_tools/runner.dart:130:9)
<asynchronous suspension>
#13     AppContext.run.<anonymous closure> (package:flutter_tools/src/base/context.dart:153:19)
<asynchronous suspension>
#14     main (package:flutter_tools/executable.dart:93:3)
<asynchronous suspension>
```

## flutter doctor

```
[!] Flutter (Channel stable, 3.24.0, on macOS 15.0 24A335 darwin-arm64 (Rosetta), locale es-EC)
    • Flutter version 3.24.0 on channel stable at /Users/nickmaukan/flutter
    ! The flutter binary is not on your path. Consider adding /Users/nickmaukan/flutter/bin to your path.
    ! The dart binary is not on your path. Consider adding /Users/nickmaukan/flutter/bin to your path.
    • Upstream repository https://github.com/flutter/flutter.git
    • Framework revision 80c2e84975 (1 year, 8 months ago), 2024-07-30 23:06:49 +0700
    • Engine revision b8800d88be
    • Dart version 3.5.0
    • DevTools version 2.37.2
    • If those were intentional, you can disregard the above warnings; however it is recommended to use "git" directly to perform update checks and upgrades.

[✓] Android toolchain - develop for Android devices (Android SDK version 34.0.0)
    • Android SDK at /Users/nickmaukan/Library/Android/sdk
    • Platform android-34, build-tools 34.0.0
    • Java binary at: /Applications/Android Studio.app/Contents/jbr/Contents/Home/bin/java
    • Java version OpenJDK Runtime Environment (build 17.0.11+0-17.0.11b1207.24-11852314)
    • All Android licenses accepted.

[✓] Xcode - develop for iOS and macOS (Xcode 16.0)
    • Xcode at /Applications/Xcode.app/Contents/Developer
    • Build 16A242d
    • CocoaPods version 1.15.2

[✓] Chrome - develop for the web
    • Chrome at /Applications/Google Chrome.app/Contents/MacOS/Google Chrome

[✓] Android Studio (version 2024.1)
    • Android Studio at /Applications/Android Studio.app/Contents
    • Flutter plugin can be installed from:
      🔨 https://plugins.jetbrains.com/plugin/9212-flutter
    • Dart plugin can be installed from:
      🔨 https://plugins.jetbrains.com/plugin/6351-dart
    • Java version OpenJDK Runtime Environment (build 17.0.11+0-17.0.11b1207.24-11852314)

[✓] VS Code (version 1.111.0)
    • VS Code at /Applications/Visual Studio Code.app/Contents
    • Flutter extension can be installed from:
      🔨 https://marketplace.visualstudio.com/items?itemName=Dart-Code.flutter

[✓] Connected device (3 available)
    • macOS (desktop)                 • macos                 • darwin-arm64   • macOS 15.0 24A335 darwin-arm64 (Rosetta)
    • Mac Designed for iPad (desktop) • mac-designed-for-ipad • darwin         • macOS 15.0 24A335 darwin-arm64 (Rosetta)
    • Chrome (web)                    • chrome                • web-javascript • Google Chrome 145.0.7632.160

[✓] Network resources
    • All expected network resources are available.

! Doctor found issues in 1 category.
```
